{"F:\\Repositorios\\Pragmatic_JavaScript\\Testing\\Sudoku\\sudoku.js": {"path":"F:\\Repositorios\\Pragmatic_JavaScript\\Testing\\Sudoku\\sudoku.js","statementMap":{"0":{"start":{"line":9,"column":8},"end":{"line":9,"column":17}},"1":{"start":{"line":13,"column":20},"end":{"line":13,"column":35}},"2":{"start":{"line":14,"column":8},"end":{"line":14,"column":28}},"3":{"start":{"line":18,"column":0},"end":{"line":18,"column":24}}},"fnMap":{"0":{"name":"(anonymous_0)","decl":{"start":{"line":8,"column":4},"end":{"line":8,"column":5}},"loc":{"start":{"line":8,"column":14},"end":{"line":10,"column":5}},"line":8},"1":{"name":"(anonymous_1)","decl":{"start":{"line":12,"column":4},"end":{"line":12,"column":5}},"loc":{"start":{"line":12,"column":22},"end":{"line":15,"column":5}},"line":12}},"branchMap":{},"s":{"0":1,"1":1,"2":1,"3":1},"f":{"0":1,"1":1},"b":{},"_coverageSchema":"1a1c01bbd47fc00a2c39e90264f33305004495a9","hash":"29922d4c53f6b2a657f45bc20c486b9fb6cb4b71"}
}
